<testsuites id="" name="" tests="3" failures="0" skipped="1" errors="1" time="37.2406">
<testsuite name="POM_test_demo.spec.ts" timestamp="2026-09-26T11:08:20.786Z" hostname="chromium" tests="3" failures="0" skipped="1" time="20.699" errors="1">
<testcase name="Demoblaze Tests › User can sign up with a new account" classname="POM_test_demo.spec.ts" time="10.886">
</testcase>
<testcase name="Demoblaze Tests › User can login, add a product to cart and verify it" classname="POM_test_demo.spec.ts" time="9.813">
<system-out>
<![CDATA[
[[ATTACHMENT|..\test-results\POM_test_demo-Demoblaze-Te-1b7b2-oduct-to-cart-and-verify-it-chromium\test-failed-1.png]]

[[ATTACHMENT|..\test-results\POM_test_demo-Demoblaze-Te-1b7b2-oduct-to-cart-and-verify-it-chromium\error-context.md]]
]]>
</system-out>
<error message="Product &quot;Nexus 6&quot; not found on the page" type="Error">
<![CDATA[  [chromium] › POM_test_demo.spec.ts:36:7 › Demoblaze Tests › User can login, add a product to cart and verify it 

    Error: Product "Nexus 6" not found on the page

       at ..\pages\HomePage.ts:50

      48 |     }
      49 |     
    > 50 |     throw new Error(`Product "${productName}" not found on the page`);
         |           ^
      51 |   }
      52 |
      53 |   // Category filtering
        at HomePage.selectProductByName (C:\PlaywrightInterviewPractice\pages\HomePage.ts:50:11)
        at HomePage.addProductToCart (C:\PlaywrightInterviewPractice\pages\HomePage.ts:26:5)
        at C:\PlaywrightInterviewPractice\tests\POM_test_demo.spec.ts:47:5

    attachment #1: screenshot (image/png) ──────────────────────────────────────────────────────────
    ..\test-results\POM_test_demo-Demoblaze-Te-1b7b2-oduct-to-cart-and-verify-it-chromium\test-failed-1.png
    ────────────────────────────────────────────────────────────────────────────────────────────────

    Error Context: ..\test-results\POM_test_demo-Demoblaze-Te-1b7b2-oduct-to-cart-and-verify-it-chromium\error-context.md
]]>
</error>
</testcase>
<testcase name="Demoblaze Tests › User can remove product from cart" classname="POM_test_demo.spec.ts">
<skipped>
</skipped>
</testcase>
</testsuite>
</testsuites>